Determining if the pthread_create exist failed with the following output:
Change Dir: /home/breno/catkin_ws/src/multiple_robot_slam/build/CMakeFiles/CMakeTmp

Run Build Command:"/usr/bin/make" "cmTC_8afcb/fast"
/usr/bin/make -f CMakeFiles/cmTC_8afcb.dir/build.make CMakeFiles/cmTC_8afcb.dir/build
make[1]: Entering directory '/home/breno/catkin_ws/src/multiple_robot_slam/build/CMakeFiles/CMakeTmp'
Building C object CMakeFiles/cmTC_8afcb.dir/CheckSymbolExists.c.o
/usr/bin/cc     -o CMakeFiles/cmTC_8afcb.dir/CheckSymbolExists.c.o   -c /home/breno/catkin_ws/src/multiple_robot_slam/build/CMakeFiles/CMakeTmp/CheckSymbolExists.c
Linking C executable cmTC_8afcb
/usr/bin/cmake -E cmake_link_script CMakeFiles/cmTC_8afcb.dir/link.txt --verbose=1
/usr/bin/cc       CMakeFiles/cmTC_8afcb.dir/CheckSymbolExists.c.o  -o cmTC_8afcb -rdynamic 
CMakeFiles/cmTC_8afcb.dir/CheckSymbolExists.c.o: In function `main':
CheckSymbolExists.c:(.text+0x16): undefined reference to `pthread_create'
collect2: error: ld returned 1 exit status
CMakeFiles/cmTC_8afcb.dir/build.make:97: recipe for target 'cmTC_8afcb' failed
make[1]: *** [cmTC_8afcb] Error 1
make[1]: Leaving directory '/home/breno/catkin_ws/src/multiple_robot_slam/build/CMakeFiles/CMakeTmp'
Makefile:126: recipe for target 'cmTC_8afcb/fast' failed
make: *** [cmTC_8afcb/fast] Error 2

File /home/breno/catkin_ws/src/multiple_robot_slam/build/CMakeFiles/CMakeTmp/CheckSymbolExists.c:
/* */
#include <pthread.h>

int main(int argc, char** argv)
{
  (void)argv;
#ifndef pthread_create
  return ((int*)(&pthread_create))[argc];
#else
  (void)argc;
  return 0;
#endif
}

Determining if the function pthread_create exists in the pthreads failed with the following output:
Change Dir: /home/breno/catkin_ws/src/multiple_robot_slam/build/CMakeFiles/CMakeTmp

Run Build Command:"/usr/bin/make" "cmTC_937d5/fast"
/usr/bin/make -f CMakeFiles/cmTC_937d5.dir/build.make CMakeFiles/cmTC_937d5.dir/build
make[1]: Entering directory '/home/breno/catkin_ws/src/multiple_robot_slam/build/CMakeFiles/CMakeTmp'
Building C object CMakeFiles/cmTC_937d5.dir/CheckFunctionExists.c.o
/usr/bin/cc    -DCHECK_FUNCTION_EXISTS=pthread_create   -o CMakeFiles/cmTC_937d5.dir/CheckFunctionExists.c.o   -c /usr/share/cmake-3.5/Modules/CheckFunctionExists.c
Linking C executable cmTC_937d5
/usr/bin/cmake -E cmake_link_script CMakeFiles/cmTC_937d5.dir/link.txt --verbose=1
/usr/bin/cc   -DCHECK_FUNCTION_EXISTS=pthread_create    CMakeFiles/cmTC_937d5.dir/CheckFunctionExists.c.o  -o cmTC_937d5 -rdynamic -lpthreads 
/usr/bin/ld: cannot find -lpthreads
collect2: error: ld returned 1 exit status
CMakeFiles/cmTC_937d5.dir/build.make:97: recipe for target 'cmTC_937d5' failed
make[1]: *** [cmTC_937d5] Error 1
make[1]: Leaving directory '/home/breno/catkin_ws/src/multiple_robot_slam/build/CMakeFiles/CMakeTmp'
Makefile:126: recipe for target 'cmTC_937d5/fast' failed
make: *** [cmTC_937d5/fast] Error 2


